2024-04-27 02:14:24,153 [Worker-0: Loading available Gradle versions] INFO  o.e.b.c.i.u.g.PublishedGradleVersions - Gradle version information cache is up-to-date. Trying to read.
2024-04-27 02:18:12,416 [Worker-12: Launching mavenrun-90835353-ee2c-4468-a4c8-0cda75624fe8] INFO  o.eclipse.m2e.core.internal.Bundles - getClasspathEntries(Bundle=org.eclipse.m2e.maven.runtime_3.9.500.20231113-2345 [629])
2024-04-27 02:18:12,420 [Worker-12: Launching mavenrun-90835353-ee2c-4468-a4c8-0cda75624fe8] INFO  o.eclipse.m2e.core.internal.Bundles - 	Entry: C:\Users\vizon\Eclipse app\eclipse\plugins\org.eclipse.m2e.maven.runtime_3.9.500.20231113-2345
2024-04-27 02:18:12,421 [Worker-12: Launching mavenrun-90835353-ee2c-4468-a4c8-0cda75624fe8] INFO  o.eclipse.m2e.core.internal.Bundles - 	Entry: C:\Users\vizon\Eclipse app\eclipse\plugins\org.eclipse.m2e.maven.runtime_3.9.500.20231113-2345\jars\aopalliance-1.0.jar
2024-04-27 02:18:12,422 [Worker-12: Launching mavenrun-90835353-ee2c-4468-a4c8-0cda75624fe8] INFO  o.eclipse.m2e.core.internal.Bundles - 	Entry: C:\Users\vizon\Eclipse app\eclipse\plugins\org.eclipse.m2e.maven.runtime_3.9.500.20231113-2345\jars\guice-5.1.0.jar
2024-04-27 02:18:12,422 [Worker-12: Launching mavenrun-90835353-ee2c-4468-a4c8-0cda75624fe8] INFO  o.eclipse.m2e.core.internal.Bundles - 	Entry: C:\Users\vizon\Eclipse app\eclipse\plugins\org.eclipse.m2e.maven.runtime_3.9.500.20231113-2345\jars\httpclient-4.5.14.jar
2024-04-27 02:18:12,422 [Worker-12: Launching mavenrun-90835353-ee2c-4468-a4c8-0cda75624fe8] INFO  o.eclipse.m2e.core.internal.Bundles - 	Entry: C:\Users\vizon\Eclipse app\eclipse\plugins\org.eclipse.m2e.maven.runtime_3.9.500.20231113-2345\jars\httpcore-4.4.16.jar
2024-04-27 02:18:12,422 [Worker-12: Launching mavenrun-90835353-ee2c-4468-a4c8-0cda75624fe8] INFO  o.eclipse.m2e.core.internal.Bundles - 	Entry: C:\Users\vizon\Eclipse app\eclipse\plugins\org.eclipse.m2e.maven.runtime_3.9.500.20231113-2345\jars\jansi-2.4.0.jar
2024-04-27 02:18:12,423 [Worker-12: Launching mavenrun-90835353-ee2c-4468-a4c8-0cda75624fe8] INFO  o.eclipse.m2e.core.internal.Bundles - 	Entry: C:\Users\vizon\Eclipse app\eclipse\plugins\org.eclipse.m2e.maven.runtime_3.9.500.20231113-2345\jars\jcl-over-slf4j-1.7.36.jar
2024-04-27 02:18:12,423 [Worker-12: Launching mavenrun-90835353-ee2c-4468-a4c8-0cda75624fe8] INFO  o.eclipse.m2e.core.internal.Bundles - 	Entry: C:\Users\vizon\Eclipse app\eclipse\plugins\org.eclipse.m2e.maven.runtime_3.9.500.20231113-2345\jars\maven-artifact-3.9.5.jar
2024-04-27 02:18:12,423 [Worker-12: Launching mavenrun-90835353-ee2c-4468-a4c8-0cda75624fe8] INFO  o.eclipse.m2e.core.internal.Bundles - 	Entry: C:\Users\vizon\Eclipse app\eclipse\plugins\org.eclipse.m2e.maven.runtime_3.9.500.20231113-2345\jars\maven-builder-support-3.9.5.jar
2024-04-27 02:18:12,423 [Worker-12: Launching mavenrun-90835353-ee2c-4468-a4c8-0cda75624fe8] INFO  o.eclipse.m2e.core.internal.Bundles - 	Entry: C:\Users\vizon\Eclipse app\eclipse\plugins\org.eclipse.m2e.maven.runtime_3.9.500.20231113-2345\jars\maven-compat-3.9.5.jar
2024-04-27 02:18:12,424 [Worker-12: Launching mavenrun-90835353-ee2c-4468-a4c8-0cda75624fe8] INFO  o.eclipse.m2e.core.internal.Bundles - 	Entry: C:\Users\vizon\Eclipse app\eclipse\plugins\org.eclipse.m2e.maven.runtime_3.9.500.20231113-2345\jars\maven-core-3.9.5.jar
2024-04-27 02:18:12,424 [Worker-12: Launching mavenrun-90835353-ee2c-4468-a4c8-0cda75624fe8] INFO  o.eclipse.m2e.core.internal.Bundles - 	Entry: C:\Users\vizon\Eclipse app\eclipse\plugins\org.eclipse.m2e.maven.runtime_3.9.500.20231113-2345\jars\maven-embedder-3.9.5.jar
2024-04-27 02:18:12,424 [Worker-12: Launching mavenrun-90835353-ee2c-4468-a4c8-0cda75624fe8] INFO  o.eclipse.m2e.core.internal.Bundles - 	Entry: C:\Users\vizon\Eclipse app\eclipse\plugins\org.eclipse.m2e.maven.runtime_3.9.500.20231113-2345\jars\maven-model-3.9.5.jar
2024-04-27 02:18:12,424 [Worker-12: Launching mavenrun-90835353-ee2c-4468-a4c8-0cda75624fe8] INFO  o.eclipse.m2e.core.internal.Bundles - 	Entry: C:\Users\vizon\Eclipse app\eclipse\plugins\org.eclipse.m2e.maven.runtime_3.9.500.20231113-2345\jars\maven-model-builder-3.9.5.jar
2024-04-27 02:18:12,425 [Worker-12: Launching mavenrun-90835353-ee2c-4468-a4c8-0cda75624fe8] INFO  o.eclipse.m2e.core.internal.Bundles - 	Entry: C:\Users\vizon\Eclipse app\eclipse\plugins\org.eclipse.m2e.maven.runtime_3.9.500.20231113-2345\jars\maven-plugin-api-3.9.5.jar
2024-04-27 02:18:12,425 [Worker-12: Launching mavenrun-90835353-ee2c-4468-a4c8-0cda75624fe8] INFO  o.eclipse.m2e.core.internal.Bundles - 	Entry: C:\Users\vizon\Eclipse app\eclipse\plugins\org.eclipse.m2e.maven.runtime_3.9.500.20231113-2345\jars\maven-repository-metadata-3.9.5.jar
2024-04-27 02:18:12,425 [Worker-12: Launching mavenrun-90835353-ee2c-4468-a4c8-0cda75624fe8] INFO  o.eclipse.m2e.core.internal.Bundles - 	Entry: C:\Users\vizon\Eclipse app\eclipse\plugins\org.eclipse.m2e.maven.runtime_3.9.500.20231113-2345\jars\maven-resolver-api-1.9.16.jar
2024-04-27 02:18:12,425 [Worker-12: Launching mavenrun-90835353-ee2c-4468-a4c8-0cda75624fe8] INFO  o.eclipse.m2e.core.internal.Bundles - 	Entry: C:\Users\vizon\Eclipse app\eclipse\plugins\org.eclipse.m2e.maven.runtime_3.9.500.20231113-2345\jars\maven-resolver-connector-basic-1.9.16.jar
2024-04-27 02:18:12,426 [Worker-12: Launching mavenrun-90835353-ee2c-4468-a4c8-0cda75624fe8] INFO  o.eclipse.m2e.core.internal.Bundles - 	Entry: C:\Users\vizon\Eclipse app\eclipse\plugins\org.eclipse.m2e.maven.runtime_3.9.500.20231113-2345\jars\maven-resolver-impl-1.9.16.jar
2024-04-27 02:18:12,426 [Worker-12: Launching mavenrun-90835353-ee2c-4468-a4c8-0cda75624fe8] INFO  o.eclipse.m2e.core.internal.Bundles - 	Entry: C:\Users\vizon\Eclipse app\eclipse\plugins\org.eclipse.m2e.maven.runtime_3.9.500.20231113-2345\jars\maven-resolver-named-locks-1.9.16.jar
2024-04-27 02:18:12,426 [Worker-12: Launching mavenrun-90835353-ee2c-4468-a4c8-0cda75624fe8] INFO  o.eclipse.m2e.core.internal.Bundles - 	Entry: C:\Users\vizon\Eclipse app\eclipse\plugins\org.eclipse.m2e.maven.runtime_3.9.500.20231113-2345\jars\maven-resolver-provider-3.9.5.jar
2024-04-27 02:18:12,426 [Worker-12: Launching mavenrun-90835353-ee2c-4468-a4c8-0cda75624fe8] INFO  o.eclipse.m2e.core.internal.Bundles - 	Entry: C:\Users\vizon\Eclipse app\eclipse\plugins\org.eclipse.m2e.maven.runtime_3.9.500.20231113-2345\jars\maven-resolver-spi-1.9.16.jar
2024-04-27 02:18:12,427 [Worker-12: Launching mavenrun-90835353-ee2c-4468-a4c8-0cda75624fe8] INFO  o.eclipse.m2e.core.internal.Bundles - 	Entry: C:\Users\vizon\Eclipse app\eclipse\plugins\org.eclipse.m2e.maven.runtime_3.9.500.20231113-2345\jars\maven-resolver-transport-file-1.9.16.jar
2024-04-27 02:18:12,427 [Worker-12: Launching mavenrun-90835353-ee2c-4468-a4c8-0cda75624fe8] INFO  o.eclipse.m2e.core.internal.Bundles - 	Entry: C:\Users\vizon\Eclipse app\eclipse\plugins\org.eclipse.m2e.maven.runtime_3.9.500.20231113-2345\jars\maven-resolver-transport-http-1.9.16.jar
2024-04-27 02:18:12,427 [Worker-12: Launching mavenrun-90835353-ee2c-4468-a4c8-0cda75624fe8] INFO  o.eclipse.m2e.core.internal.Bundles - 	Entry: C:\Users\vizon\Eclipse app\eclipse\plugins\org.eclipse.m2e.maven.runtime_3.9.500.20231113-2345\jars\maven-resolver-transport-wagon-1.9.16.jar
2024-04-27 02:18:12,427 [Worker-12: Launching mavenrun-90835353-ee2c-4468-a4c8-0cda75624fe8] INFO  o.eclipse.m2e.core.internal.Bundles - 	Entry: C:\Users\vizon\Eclipse app\eclipse\plugins\org.eclipse.m2e.maven.runtime_3.9.500.20231113-2345\jars\maven-resolver-util-1.9.16.jar
2024-04-27 02:18:12,428 [Worker-12: Launching mavenrun-90835353-ee2c-4468-a4c8-0cda75624fe8] INFO  o.eclipse.m2e.core.internal.Bundles - 	Entry: C:\Users\vizon\Eclipse app\eclipse\plugins\org.eclipse.m2e.maven.runtime_3.9.500.20231113-2345\jars\maven-settings-3.9.5.jar
2024-04-27 02:18:12,428 [Worker-12: Launching mavenrun-90835353-ee2c-4468-a4c8-0cda75624fe8] INFO  o.eclipse.m2e.core.internal.Bundles - 	Entry: C:\Users\vizon\Eclipse app\eclipse\plugins\org.eclipse.m2e.maven.runtime_3.9.500.20231113-2345\jars\maven-settings-builder-3.9.5.jar
2024-04-27 02:18:12,428 [Worker-12: Launching mavenrun-90835353-ee2c-4468-a4c8-0cda75624fe8] INFO  o.eclipse.m2e.core.internal.Bundles - 	Entry: C:\Users\vizon\Eclipse app\eclipse\plugins\org.eclipse.m2e.maven.runtime_3.9.500.20231113-2345\jars\maven-shared-utils-3.3.4.jar
2024-04-27 02:18:12,429 [Worker-12: Launching mavenrun-90835353-ee2c-4468-a4c8-0cda75624fe8] INFO  o.eclipse.m2e.core.internal.Bundles - 	Entry: C:\Users\vizon\Eclipse app\eclipse\plugins\org.eclipse.m2e.maven.runtime_3.9.500.20231113-2345\jars\org.eclipse.sisu.inject-0.3.5.jar
2024-04-27 02:18:12,429 [Worker-12: Launching mavenrun-90835353-ee2c-4468-a4c8-0cda75624fe8] INFO  o.eclipse.m2e.core.internal.Bundles - 	Entry: C:\Users\vizon\Eclipse app\eclipse\plugins\org.eclipse.m2e.maven.runtime_3.9.500.20231113-2345\jars\org.eclipse.sisu.plexus-0.3.5.jar
2024-04-27 02:18:12,429 [Worker-12: Launching mavenrun-90835353-ee2c-4468-a4c8-0cda75624fe8] INFO  o.eclipse.m2e.core.internal.Bundles - 	Entry: C:\Users\vizon\Eclipse app\eclipse\plugins\org.eclipse.m2e.maven.runtime_3.9.500.20231113-2345\jars\plexus-build-api-0.0.7.jar
2024-04-27 02:18:12,429 [Worker-12: Launching mavenrun-90835353-ee2c-4468-a4c8-0cda75624fe8] INFO  o.eclipse.m2e.core.internal.Bundles - 	Entry: C:\Users\vizon\Eclipse app\eclipse\plugins\org.eclipse.m2e.maven.runtime_3.9.500.20231113-2345\jars\plexus-cipher-2.0.jar
2024-04-27 02:18:12,430 [Worker-12: Launching mavenrun-90835353-ee2c-4468-a4c8-0cda75624fe8] INFO  o.eclipse.m2e.core.internal.Bundles - 	Entry: C:\Users\vizon\Eclipse app\eclipse\plugins\org.eclipse.m2e.maven.runtime_3.9.500.20231113-2345\jars\plexus-classworlds-2.7.0.jar
2024-04-27 02:18:12,430 [Worker-12: Launching mavenrun-90835353-ee2c-4468-a4c8-0cda75624fe8] INFO  o.eclipse.m2e.core.internal.Bundles - 	Entry: C:\Users\vizon\Eclipse app\eclipse\plugins\org.eclipse.m2e.maven.runtime_3.9.500.20231113-2345\jars\plexus-component-annotations-2.1.0.jar
2024-04-27 02:18:12,430 [Worker-12: Launching mavenrun-90835353-ee2c-4468-a4c8-0cda75624fe8] INFO  o.eclipse.m2e.core.internal.Bundles - 	Entry: C:\Users\vizon\Eclipse app\eclipse\plugins\org.eclipse.m2e.maven.runtime_3.9.500.20231113-2345\jars\plexus-interpolation-1.26.jar
2024-04-27 02:18:12,431 [Worker-12: Launching mavenrun-90835353-ee2c-4468-a4c8-0cda75624fe8] INFO  o.eclipse.m2e.core.internal.Bundles - 	Entry: C:\Users\vizon\Eclipse app\eclipse\plugins\org.eclipse.m2e.maven.runtime_3.9.500.20231113-2345\jars\plexus-sec-dispatcher-2.0.jar
2024-04-27 02:18:12,431 [Worker-12: Launching mavenrun-90835353-ee2c-4468-a4c8-0cda75624fe8] INFO  o.eclipse.m2e.core.internal.Bundles - 	Entry: C:\Users\vizon\Eclipse app\eclipse\plugins\org.eclipse.m2e.maven.runtime_3.9.500.20231113-2345\jars\plexus-utils-3.5.1.jar
2024-04-27 02:18:12,431 [Worker-12: Launching mavenrun-90835353-ee2c-4468-a4c8-0cda75624fe8] INFO  o.eclipse.m2e.core.internal.Bundles - 	Entry: C:\Users\vizon\Eclipse app\eclipse\plugins\org.eclipse.m2e.maven.runtime_3.9.500.20231113-2345\jars\wagon-file-3.5.3.jar
2024-04-27 02:18:12,432 [Worker-12: Launching mavenrun-90835353-ee2c-4468-a4c8-0cda75624fe8] INFO  o.eclipse.m2e.core.internal.Bundles - 	Entry: C:\Users\vizon\Eclipse app\eclipse\plugins\org.eclipse.m2e.maven.runtime_3.9.500.20231113-2345\jars\wagon-http-3.5.3.jar
2024-04-27 02:18:12,432 [Worker-12: Launching mavenrun-90835353-ee2c-4468-a4c8-0cda75624fe8] INFO  o.eclipse.m2e.core.internal.Bundles - 	Entry: C:\Users\vizon\Eclipse app\eclipse\plugins\org.eclipse.m2e.maven.runtime_3.9.500.20231113-2345\jars\wagon-http-shared-3.5.3.jar
2024-04-27 02:18:12,432 [Worker-12: Launching mavenrun-90835353-ee2c-4468-a4c8-0cda75624fe8] INFO  o.eclipse.m2e.core.internal.Bundles - 	Entry: C:\Users\vizon\Eclipse app\eclipse\plugins\org.eclipse.m2e.maven.runtime_3.9.500.20231113-2345\jars\wagon-provider-api-3.5.3.jar
2024-04-27 02:18:12,435 [Worker-12: Launching mavenrun-90835353-ee2c-4468-a4c8-0cda75624fe8] INFO  o.eclipse.m2e.core.internal.Bundles - getClasspathEntries(Bundle=com.google.guava_32.1.3.jre [12])
2024-04-27 02:18:12,436 [Worker-12: Launching mavenrun-90835353-ee2c-4468-a4c8-0cda75624fe8] INFO  o.eclipse.m2e.core.internal.Bundles - 	Entry: C:\Users\vizon\Eclipse app\eclipse\plugins\com.google.guava_32.1.3.jre.jar
2024-04-27 02:18:12,436 [Worker-12: Launching mavenrun-90835353-ee2c-4468-a4c8-0cda75624fe8] INFO  o.eclipse.m2e.core.internal.Bundles - getClasspathEntries(Bundle=slf4j.api_2.0.9 [989])
2024-04-27 02:18:12,437 [Worker-12: Launching mavenrun-90835353-ee2c-4468-a4c8-0cda75624fe8] INFO  o.eclipse.m2e.core.internal.Bundles - 	Entry: C:\Users\vizon\Eclipse app\eclipse\plugins\slf4j.api_2.0.9.jar
2024-04-27 02:18:12,437 [Worker-12: Launching mavenrun-90835353-ee2c-4468-a4c8-0cda75624fe8] INFO  o.eclipse.m2e.core.internal.Bundles - getClasspathEntries(Bundle=jakarta.inject.jakarta.inject-api_1.0.5 [29])
2024-04-27 02:18:12,438 [Worker-12: Launching mavenrun-90835353-ee2c-4468-a4c8-0cda75624fe8] INFO  o.eclipse.m2e.core.internal.Bundles - 	Entry: C:\Users\vizon\Eclipse app\eclipse\plugins\jakarta.inject.jakarta.inject-api_1.0.5.jar
2024-04-27 02:18:12,438 [Worker-12: Launching mavenrun-90835353-ee2c-4468-a4c8-0cda75624fe8] INFO  o.eclipse.m2e.core.internal.Bundles - getClasspathEntries(Bundle=jakarta.annotation-api_1.3.5 [24])
2024-04-27 02:18:12,439 [Worker-12: Launching mavenrun-90835353-ee2c-4468-a4c8-0cda75624fe8] INFO  o.eclipse.m2e.core.internal.Bundles - 	Entry: C:\Users\vizon\Eclipse app\eclipse\plugins\jakarta.annotation-api_1.3.5.jar
2024-04-27 02:18:12,439 [Worker-12: Launching mavenrun-90835353-ee2c-4468-a4c8-0cda75624fe8] INFO  o.eclipse.m2e.core.internal.Bundles - getClasspathEntries(Bundle=org.apache.commons.cli_1.6.0 [71])
2024-04-27 02:18:12,440 [Worker-12: Launching mavenrun-90835353-ee2c-4468-a4c8-0cda75624fe8] INFO  o.eclipse.m2e.core.internal.Bundles - 	Entry: C:\Users\vizon\Eclipse app\eclipse\plugins\org.apache.commons.cli_1.6.0.jar
2024-04-27 02:18:12,440 [Worker-12: Launching mavenrun-90835353-ee2c-4468-a4c8-0cda75624fe8] INFO  o.eclipse.m2e.core.internal.Bundles - getClasspathEntries(Bundle=org.apache.commons.commons-codec_1.16.0 [75])
2024-04-27 02:18:12,440 [Worker-12: Launching mavenrun-90835353-ee2c-4468-a4c8-0cda75624fe8] INFO  o.eclipse.m2e.core.internal.Bundles - 	Entry: C:\Users\vizon\Eclipse app\eclipse\plugins\org.apache.commons.commons-codec_1.16.0.jar
2024-04-27 02:18:12,444 [Worker-12: Launching mavenrun-90835353-ee2c-4468-a4c8-0cda75624fe8] INFO  o.eclipse.m2e.core.internal.Bundles - getClasspathEntries(Bundle=org.apache.commons.lang3_3.13.0 [82])
2024-04-27 02:18:12,445 [Worker-12: Launching mavenrun-90835353-ee2c-4468-a4c8-0cda75624fe8] INFO  o.eclipse.m2e.core.internal.Bundles - 	Entry: C:\Users\vizon\Eclipse app\eclipse\plugins\org.apache.commons.lang3_3.13.0.jar
2024-04-27 02:18:12,445 [Worker-12: Launching mavenrun-90835353-ee2c-4468-a4c8-0cda75624fe8] INFO  o.eclipse.m2e.core.internal.Bundles - getClasspathEntries(Bundle=com.google.guava.failureaccess_1.0.2 [13])
2024-04-27 02:18:12,446 [Worker-12: Launching mavenrun-90835353-ee2c-4468-a4c8-0cda75624fe8] INFO  o.eclipse.m2e.core.internal.Bundles - 	Entry: C:\Users\vizon\Eclipse app\eclipse\plugins\com.google.guava.failureaccess_1.0.2.jar
2024-04-27 02:18:12,457 [Worker-12: Launching mavenrun-90835353-ee2c-4468-a4c8-0cda75624fe8] INFO  o.e.m.i.launch.MavenLaunchDelegate - Run build in "C:\Users\vizon\AppData\Local\Temp\m2e-archetypeGenerator9067269388187416548":
2024-04-27 02:18:12,463 [Worker-12: Launching mavenrun-90835353-ee2c-4468-a4c8-0cda75624fe8] INFO  o.e.m.i.launch.MavenLaunchDelegate -  mvn  -DarchetypeGroupId=org.apache.maven.archetypes -DarchetypeArtifactId=maven-archetype-webapp -DarchetypeVersion=1.4 -DgroupId=com.natso.ems -DartifactId=EmployeeManagementSystem -Dversion=0.0.1-SNAPSHOT -Dpackage=com.natso.ems.EmployeeManagementSystem -DoutputDirectory=C:\Users\vizon\OneDrive\Desktop\com.natso.ems -Dstyle.color=always -U archetype:generate
2024-04-27 02:18:40,277 [Worker-8: Creating maven-archetype-webapp] INFO  o.e.m.c.i.p.ProjectConfigurationManager - Collecting project info '/pom.xml' C:\Users\vizon\OneDrive\Desktop\com.natso.ems\EmployeeManagementSystem\pom.xml
2024-04-27 02:18:41,518 [Worker-8: Creating maven-archetype-webapp] INFO  o.e.m.c.i.l.LifecycleMappingFactory - Using org.maven.ide.eclipse.wtp.WarLifecycleMapping lifecycle mapping for MavenProject: com.natso.ems:EmployeeManagementSystem:0.0.1-SNAPSHOT @ C:\Users\vizon\OneDrive\Desktop\com.natso.ems\EmployeeManagementSystem\pom.xml.
2024-04-27 02:18:43,377 [Worker-8: Creating maven-archetype-webapp] INFO  o.e.m.j.i.AbstractJavaProjectConfigurator - Adding source folder /EmployeeManagementSystem/src/main/java
2024-04-27 02:18:43,378 [Worker-8: Creating maven-archetype-webapp] INFO  o.e.m.j.i.AbstractJavaProjectConfigurator - Adding resource folder /EmployeeManagementSystem/src/main/resources
2024-04-27 02:18:43,379 [Worker-8: Creating maven-archetype-webapp] INFO  o.e.m.j.i.AbstractJavaProjectConfigurator - Adding source folder /EmployeeManagementSystem/src/test/java
2024-04-27 02:18:43,379 [Worker-8: Creating maven-archetype-webapp] INFO  o.e.m.j.i.AbstractJavaProjectConfigurator - Adding resource folder /EmployeeManagementSystem/src/test/resources
2024-04-27 02:18:45,646 [Worker-8: Creating maven-archetype-webapp] INFO  o.e.m.c.i.p.ProjectConfigurationManager - Imported and configured 1 project(s) in 5 sec
2024-04-27 02:18:46,706 [Worker-14: Building] INFO  o.e.m.c.i.embedder.EclipseLogger - Using 'UTF-8' encoding to copy filtered resources.
2024-04-27 02:18:46,706 [Worker-14: Building] INFO  o.e.m.c.i.embedder.EclipseLogger - skip non existing resourceDirectory C:\Users\vizon\OneDrive\Desktop\com.natso.ems\EmployeeManagementSystem\src\main\resources
2024-04-27 02:18:46,712 [Worker-14: Building] INFO  o.e.m.c.i.embedder.EclipseLogger - Using 'UTF-8' encoding to copy filtered resources.
2024-04-27 02:18:46,713 [Worker-14: Building] INFO  o.e.m.c.i.embedder.EclipseLogger - skip non existing resourceDirectory C:\Users\vizon\OneDrive\Desktop\com.natso.ems\EmployeeManagementSystem\src\test\resources
2024-04-27 02:19:02,876 [Worker-17: Building] INFO  o.e.m.c.i.embedder.EclipseLogger - Using 'UTF-8' encoding to copy filtered resources.
2024-04-27 02:19:02,921 [Worker-17: Building] INFO  o.e.m.c.i.embedder.EclipseLogger - Copying 0 resource
2024-04-27 02:19:02,941 [Worker-17: Building] INFO  o.e.m.c.i.embedder.EclipseLogger - Using 'UTF-8' encoding to copy filtered resources.
2024-04-27 02:19:02,943 [Worker-17: Building] INFO  o.e.m.c.i.embedder.EclipseLogger - Copying 0 resource
2024-04-27 02:20:10,420 [Worker-8: Building] INFO  o.e.m.c.i.l.LifecycleMappingFactory - Using org.maven.ide.eclipse.wtp.WarLifecycleMapping lifecycle mapping for MavenProject: com.natso:com.natso:0.0.1-SNAPSHOT @ C:\Users\vizon\OneDrive\Desktop\com.natso.ems\EmployeeManagementSystem\pom.xml.
2024-04-27 02:20:15,388 [Worker-8: Building] INFO  o.e.m.c.i.embedder.EclipseLogger - Using 'UTF-8' encoding to copy filtered resources.
2024-04-27 02:20:15,396 [Worker-8: Building] INFO  o.e.m.c.i.embedder.EclipseLogger - Copying 0 resource
2024-04-27 02:20:15,404 [Worker-8: Building] INFO  o.e.m.c.i.embedder.EclipseLogger - Using 'UTF-8' encoding to copy filtered resources.
2024-04-27 02:20:15,405 [Worker-8: Building] INFO  o.e.m.c.i.embedder.EclipseLogger - Copying 0 resource
2024-04-27 02:20:15,406 [Worker-8: Building] INFO  o.e.m.w.i.f.ResourceFilteringBuildParticipant - Changed resources require a complete clean of filtered resources of EmployeeManagementSystem
2024-04-27 02:20:15,439 [Worker-8: Building] INFO  o.e.m.w.i.f.ResourceFilteringBuildParticipant - Executing resource filtering for EmployeeManagementSystem
2024-04-27 02:20:48,674 [Worker-12: Building] INFO  o.e.m.c.i.embedder.EclipseLogger - Using 'UTF-8' encoding to copy filtered resources.
2024-04-27 02:20:48,676 [Worker-12: Building] INFO  o.e.m.c.i.embedder.EclipseLogger - Copying 1 resource
2024-04-27 02:20:48,694 [Worker-12: Building] INFO  o.e.m.c.i.embedder.EclipseLogger - Using 'UTF-8' encoding to copy filtered resources.
2024-04-27 02:20:48,695 [Worker-12: Building] INFO  o.e.m.c.i.embedder.EclipseLogger - Copying 0 resource
2024-04-27 02:21:08,973 [Worker-12: Building] INFO  o.e.m.c.i.embedder.EclipseLogger - Using 'UTF-8' encoding to copy filtered resources.
2024-04-27 02:21:08,974 [Worker-12: Building] INFO  o.e.m.c.i.embedder.EclipseLogger - Copying 1 resource
2024-04-27 02:21:08,980 [Worker-12: Building] INFO  o.e.m.c.i.embedder.EclipseLogger - Using 'UTF-8' encoding to copy filtered resources.
2024-04-27 02:21:08,981 [Worker-12: Building] INFO  o.e.m.c.i.embedder.EclipseLogger - Copying 0 resource
2024-04-27 02:21:48,266 [Worker-14: Building] INFO  o.e.m.c.i.embedder.EclipseLogger - Using 'UTF-8' encoding to copy filtered resources.
2024-04-27 02:21:48,273 [Worker-14: Building] INFO  o.e.m.c.i.embedder.EclipseLogger - Copying 0 resource
2024-04-27 02:21:48,276 [Worker-14: Building] INFO  o.e.m.c.i.embedder.EclipseLogger - Using 'UTF-8' encoding to copy filtered resources.
2024-04-27 02:21:48,277 [Worker-14: Building] INFO  o.e.m.c.i.embedder.EclipseLogger - Copying 0 resource
2024-04-27 02:22:01,493 [Worker-17: Building] INFO  o.e.m.c.i.embedder.EclipseLogger - Using 'UTF-8' encoding to copy filtered resources.
2024-04-27 02:22:01,496 [Worker-17: Building] INFO  o.e.m.c.i.embedder.EclipseLogger - Copying 0 resource
2024-04-27 02:22:01,500 [Worker-17: Building] INFO  o.e.m.c.i.embedder.EclipseLogger - Using 'UTF-8' encoding to copy filtered resources.
2024-04-27 02:22:01,501 [Worker-17: Building] INFO  o.e.m.c.i.embedder.EclipseLogger - Copying 0 resource
2024-04-27 02:23:26,900 [Start Help Server] INFO  org.eclipse.jetty.server.Server - jetty-12.0.3; built: 2023-10-27T03:25:22.284Z; git: a873259fd5af141dedaa6c7fa8fe8fbdedce0d61; jvm 17.0.9+9
2024-04-27 02:23:27,010 [Start Help Server] INFO  o.e.j.server.handler.ContextHandler - Started oeje8n.ContextHandler$CoreContextHandler@3a0102a6{/help,/help,b=null,a=AVAILABLE,h=oeje8n.ContextHandler$CoreContextHandler$CoreToNestedHandler@34fc4f5a{STARTED}}
2024-04-27 02:23:27,053 [Start Help Server] INFO  o.e.j.s.DefaultSessionIdManager - Session workerName=node0
2024-04-27 02:23:27,084 [Start Help Server] INFO  o.e.jetty.server.AbstractConnector - Started ServerConnector@3a039cca{HTTP/1.1, (http/1.1)}{127.0.0.1:64362}
2024-04-27 02:23:27,101 [Start Help Server] INFO  org.eclipse.jetty.server.Server - Started oejs.Server@1246764f{STARTING}[12.0.3,sto=0] @578068ms
2024-04-27 02:23:57,061 [Worker-12: Updating Maven Project] INFO  o.e.m.c.i.p.ProjectConfigurationManager - Update started
2024-04-27 02:23:57,478 [Worker-12: Updating Maven Project] INFO  o.e.m.c.i.l.LifecycleMappingFactory - Using org.maven.ide.eclipse.wtp.WarLifecycleMapping lifecycle mapping for MavenProject: com.natso:com.natso:0.0.1-SNAPSHOT @ C:\Users\vizon\OneDrive\Desktop\com.natso.ems\EmployeeManagementSystem\pom.xml.
2024-04-27 02:23:58,565 [Worker-12: Updating Maven Project] INFO  o.e.m.j.i.AbstractJavaProjectConfigurator - Adding source folder /EmployeeManagementSystem/src/main/java
2024-04-27 02:23:58,565 [Worker-12: Updating Maven Project] INFO  o.e.m.j.i.AbstractJavaProjectConfigurator - Adding resource folder /EmployeeManagementSystem/src/main/resources
2024-04-27 02:23:59,032 [Worker-12: Updating Maven Project] INFO  o.e.m.j.i.AbstractJavaProjectConfigurator - Adding source folder /EmployeeManagementSystem/src/test/java
2024-04-27 02:23:59,033 [Worker-12: Updating Maven Project] INFO  o.e.m.j.i.AbstractJavaProjectConfigurator - Adding resource folder /EmployeeManagementSystem/src/test/resources
2024-04-27 02:24:00,854 [Worker-12: Updating Maven Project] INFO  o.e.m.w.i.f.ResourceFilteringBuildParticipant - Cleaning filtered folder for EmployeeManagementSystem
2024-04-27 02:24:00,922 [Worker-12: Updating Maven Project] INFO  o.e.m.c.i.p.ProjectConfigurationManager - Update completed for 1 poms: local refresh takes 0.00 sec, refresh facades takes 1.00 sec, update config takes 2.00 sec 
2024-04-27 02:24:03,651 [Worker-12: Building] INFO  o.e.m.c.i.embedder.EclipseLogger - Using 'UTF-8' encoding to copy filtered resources.
2024-04-27 02:24:03,654 [Worker-12: Building] INFO  o.e.m.c.i.embedder.EclipseLogger - Copying 1 resource
2024-04-27 02:24:03,687 [Worker-12: Building] INFO  o.e.m.c.i.embedder.EclipseLogger - Using 'UTF-8' encoding to copy filtered resources.
2024-04-27 02:24:03,688 [Worker-12: Building] INFO  o.e.m.c.i.embedder.EclipseLogger - Copying 0 resource
2024-04-27 02:24:03,688 [Worker-12: Building] INFO  o.e.m.w.i.f.ResourceFilteringBuildParticipant - Changed resources require a complete clean of filtered resources of EmployeeManagementSystem
2024-04-27 02:24:03,689 [Worker-12: Building] INFO  o.e.m.w.i.f.ResourceFilteringBuildParticipant - Executing resource filtering for EmployeeManagementSystem
2024-04-27 02:24:53,159 [Worker-15: Building] INFO  o.e.m.c.i.embedder.EclipseLogger - Using 'UTF-8' encoding to copy filtered resources.
2024-04-27 02:24:53,160 [Worker-15: Building] INFO  o.e.m.c.i.embedder.EclipseLogger - Copying 1 resource
2024-04-27 02:24:53,163 [Worker-15: Building] INFO  o.e.m.c.i.embedder.EclipseLogger - Using 'UTF-8' encoding to copy filtered resources.
2024-04-27 02:24:53,164 [Worker-15: Building] INFO  o.e.m.c.i.embedder.EclipseLogger - Copying 0 resource
2024-04-27 02:25:33,166 [Worker-13: Building] INFO  o.e.m.c.i.embedder.EclipseLogger - Using 'UTF-8' encoding to copy filtered resources.
2024-04-27 02:25:33,168 [Worker-13: Building] INFO  o.e.m.c.i.embedder.EclipseLogger - Copying 1 resource
2024-04-27 02:25:33,171 [Worker-13: Building] INFO  o.e.m.c.i.embedder.EclipseLogger - Using 'UTF-8' encoding to copy filtered resources.
2024-04-27 02:25:33,172 [Worker-13: Building] INFO  o.e.m.c.i.embedder.EclipseLogger - Copying 0 resource
2024-04-27 02:25:54,223 [Worker-15: Building] INFO  o.e.m.c.i.embedder.EclipseLogger - Using 'UTF-8' encoding to copy filtered resources.
2024-04-27 02:25:54,224 [Worker-15: Building] INFO  o.e.m.c.i.embedder.EclipseLogger - Copying 1 resource
2024-04-27 02:25:54,227 [Worker-15: Building] INFO  o.e.m.c.i.embedder.EclipseLogger - Using 'UTF-8' encoding to copy filtered resources.
2024-04-27 02:25:54,228 [Worker-15: Building] INFO  o.e.m.c.i.embedder.EclipseLogger - Copying 0 resource
2024-04-27 02:26:09,836 [Worker-12: Building] INFO  o.e.m.c.i.embedder.EclipseLogger - Using 'UTF-8' encoding to copy filtered resources.
2024-04-27 02:26:09,837 [Worker-12: Building] INFO  o.e.m.c.i.embedder.EclipseLogger - Copying 1 resource
2024-04-27 02:26:09,839 [Worker-12: Building] INFO  o.e.m.c.i.embedder.EclipseLogger - Using 'UTF-8' encoding to copy filtered resources.
2024-04-27 02:26:09,840 [Worker-12: Building] INFO  o.e.m.c.i.embedder.EclipseLogger - Copying 0 resource
2024-04-27 02:26:26,004 [Worker-8: Building] INFO  o.e.m.c.i.embedder.EclipseLogger - Using 'UTF-8' encoding to copy filtered resources.
2024-04-27 02:26:26,008 [Worker-8: Building] INFO  o.e.m.c.i.embedder.EclipseLogger - Copying 1 resource
2024-04-27 02:26:26,021 [Worker-8: Building] INFO  o.e.m.c.i.embedder.EclipseLogger - Using 'UTF-8' encoding to copy filtered resources.
2024-04-27 02:26:26,027 [Worker-8: Building] INFO  o.e.m.c.i.embedder.EclipseLogger - Copying 0 resource
2024-04-27 02:26:44,197 [Worker-16: Building] INFO  o.e.m.c.i.embedder.EclipseLogger - Using 'UTF-8' encoding to copy filtered resources.
2024-04-27 02:26:44,198 [Worker-16: Building] INFO  o.e.m.c.i.embedder.EclipseLogger - Copying 1 resource
2024-04-27 02:26:44,201 [Worker-16: Building] INFO  o.e.m.c.i.embedder.EclipseLogger - Using 'UTF-8' encoding to copy filtered resources.
2024-04-27 02:26:44,202 [Worker-16: Building] INFO  o.e.m.c.i.embedder.EclipseLogger - Copying 0 resource
2024-04-27 02:26:58,135 [Worker-12: Building] INFO  o.e.m.c.i.embedder.EclipseLogger - Using 'UTF-8' encoding to copy filtered resources.
2024-04-27 02:26:58,136 [Worker-12: Building] INFO  o.e.m.c.i.embedder.EclipseLogger - Copying 1 resource
2024-04-27 02:26:58,141 [Worker-12: Building] INFO  o.e.m.c.i.embedder.EclipseLogger - Using 'UTF-8' encoding to copy filtered resources.
2024-04-27 02:26:58,142 [Worker-12: Building] INFO  o.e.m.c.i.embedder.EclipseLogger - Copying 0 resource
2024-04-27 02:27:16,586 [Worker-17: Building] INFO  o.e.m.c.i.embedder.EclipseLogger - Using 'UTF-8' encoding to copy filtered resources.
2024-04-27 02:27:16,588 [Worker-17: Building] INFO  o.e.m.c.i.embedder.EclipseLogger - Copying 1 resource
2024-04-27 02:27:16,591 [Worker-17: Building] INFO  o.e.m.c.i.embedder.EclipseLogger - Using 'UTF-8' encoding to copy filtered resources.
2024-04-27 02:27:16,592 [Worker-17: Building] INFO  o.e.m.c.i.embedder.EclipseLogger - Copying 0 resource
2024-04-27 02:27:20,034 [Worker-19: Building] INFO  o.e.m.c.i.embedder.EclipseLogger - Using 'UTF-8' encoding to copy filtered resources.
2024-04-27 02:27:20,035 [Worker-19: Building] INFO  o.e.m.c.i.embedder.EclipseLogger - Copying 1 resource
2024-04-27 02:27:20,038 [Worker-19: Building] INFO  o.e.m.c.i.embedder.EclipseLogger - Using 'UTF-8' encoding to copy filtered resources.
2024-04-27 02:27:20,039 [Worker-19: Building] INFO  o.e.m.c.i.embedder.EclipseLogger - Copying 0 resource
2024-04-27 02:27:43,200 [Worker-18: Updating Maven Project] INFO  o.e.m.c.i.p.ProjectConfigurationManager - Update started
2024-04-27 02:27:43,656 [Worker-18: Updating Maven Project] INFO  o.e.m.c.i.l.LifecycleMappingFactory - Using org.maven.ide.eclipse.wtp.WarLifecycleMapping lifecycle mapping for MavenProject: com.natso:com.natso:0.0.1-SNAPSHOT @ C:\Users\vizon\OneDrive\Desktop\com.natso.ems\EmployeeManagementSystem\pom.xml.
2024-04-27 02:27:44,622 [Worker-18: Updating Maven Project] INFO  o.e.m.j.i.AbstractJavaProjectConfigurator - Adding source folder /EmployeeManagementSystem/src/main/java
2024-04-27 02:27:44,623 [Worker-18: Updating Maven Project] INFO  o.e.m.j.i.AbstractJavaProjectConfigurator - Adding resource folder /EmployeeManagementSystem/src/main/resources
2024-04-27 02:27:44,624 [Worker-18: Updating Maven Project] INFO  o.e.m.j.i.AbstractJavaProjectConfigurator - Adding source folder /EmployeeManagementSystem/src/test/java
2024-04-27 02:27:44,625 [Worker-18: Updating Maven Project] INFO  o.e.m.j.i.AbstractJavaProjectConfigurator - Adding resource folder /EmployeeManagementSystem/src/test/resources
2024-04-27 02:27:45,762 [Worker-18: Updating Maven Project] INFO  o.e.m.w.i.f.ResourceFilteringBuildParticipant - Cleaning filtered folder for EmployeeManagementSystem
2024-04-27 02:27:45,787 [Worker-18: Updating Maven Project] INFO  o.e.m.c.i.p.ProjectConfigurationManager - Update completed for 1 poms: local refresh takes 0.00 sec, refresh facades takes 1.00 sec, update config takes 1.00 sec 
2024-04-27 02:27:46,886 [Worker-21: Building] INFO  o.e.m.c.i.embedder.EclipseLogger - Using 'UTF-8' encoding to copy filtered resources.
2024-04-27 02:27:46,887 [Worker-21: Building] INFO  o.e.m.c.i.embedder.EclipseLogger - Copying 1 resource
2024-04-27 02:27:46,909 [Worker-21: Building] INFO  o.e.m.c.i.embedder.EclipseLogger - Using 'UTF-8' encoding to copy filtered resources.
2024-04-27 02:27:46,910 [Worker-21: Building] INFO  o.e.m.c.i.embedder.EclipseLogger - Copying 0 resource
2024-04-27 02:27:46,910 [Worker-21: Building] INFO  o.e.m.w.i.f.ResourceFilteringBuildParticipant - Changed resources require a complete clean of filtered resources of EmployeeManagementSystem
2024-04-27 02:27:46,910 [Worker-21: Building] INFO  o.e.m.w.i.f.ResourceFilteringBuildParticipant - Executing resource filtering for EmployeeManagementSystem
2024-04-27 02:58:03,013 [Stop Help Server] INFO  org.eclipse.jetty.server.Server - Stopped oejs.Server@1246764f{STOPPING}[12.0.3,sto=0]
2024-04-27 02:58:03,017 [Stop Help Server] INFO  o.e.jetty.server.AbstractConnector - Stopped ServerConnector@3a039cca{HTTP/1.1, (http/1.1)}{127.0.0.1:0}
